{"C:\\Users\\Jugad\\Downloads\\test\\TiendaCartasDocker\\data.js": {"path":"C:\\Users\\Jugad\\Downloads\\test\\TiendaCartasDocker\\data.js","statementMap":{"0":{"start":{"line":2,"column":18},"end":{"line":35,"column":1}},"1":{"start":{"line":37,"column":0},"end":{"line":37,"column":31}}},"fnMap":{},"branchMap":{},"s":{"0":1,"1":1},"f":{},"b":{},"_coverageSchema":"1a1c01bbd47fc00a2c39e90264f33305004495a9","hash":"518a7419dbc09159389382738a52898c71a485c0"}
,"C:\\Users\\Jugad\\Downloads\\test\\TiendaCartasDocker\\config\\jwtConfig.js": {"path":"C:\\Users\\Jugad\\Downloads\\test\\TiendaCartasDocker\\config\\jwtConfig.js","statementMap":{"0":{"start":{"line":2,"column":0},"end":{"line":5,"column":2}}},"fnMap":{},"branchMap":{},"s":{"0":4},"f":{},"b":{},"_coverageSchema":"1a1c01bbd47fc00a2c39e90264f33305004495a9","hash":"8e522fc337f305fdfa015630625bdd77de5cf170"}
,"C:\\Users\\Jugad\\Downloads\\test\\TiendaCartasDocker\\middlewares\\authMiddleware.js": {"path":"C:\\Users\\Jugad\\Downloads\\test\\TiendaCartasDocker\\middlewares\\authMiddleware.js","statementMap":{"0":{"start":{"line":3,"column":12},"end":{"line":3,"column":35}},"1":{"start":{"line":4,"column":19},"end":{"line":4,"column":49}},"2":{"start":{"line":6,"column":23},"end":{"line":25,"column":3}},"3":{"start":{"line":8,"column":21},"end":{"line":8,"column":46}},"4":{"start":{"line":10,"column":2},"end":{"line":10,"column":84}},"5":{"start":{"line":10,"column":19},"end":{"line":10,"column":84}},"6":{"start":{"line":12,"column":26},"end":{"line":12,"column":47}},"7":{"start":{"line":14,"column":2},"end":{"line":15,"column":81}},"8":{"start":{"line":15,"column":4},"end":{"line":15,"column":79}},"9":{"start":{"line":17,"column":4},"end":{"line":24,"column":5}},"10":{"start":{"line":18,"column":22},"end":{"line":18,"column":47}},"11":{"start":{"line":19,"column":6},"end":{"line":19,"column":25}},"12":{"start":{"line":20,"column":6},"end":{"line":20,"column":13}},"13":{"start":{"line":22,"column":6},"end":{"line":22,"column":74}},"14":{"start":{"line":27,"column":2},"end":{"line":27,"column":34}}},"fnMap":{"0":{"name":"(anonymous_0)","decl":{"start":{"line":6,"column":23},"end":{"line":6,"column":24}},"loc":{"start":{"line":6,"column":43},"end":{"line":25,"column":3}},"line":6}},"branchMap":{"0":{"loc":{"start":{"line":10,"column":2},"end":{"line":10,"column":84}},"type":"if","locations":[{"start":{"line":10,"column":2},"end":{"line":10,"column":84}},{"start":{},"end":{}}],"line":10},"1":{"loc":{"start":{"line":14,"column":2},"end":{"line":15,"column":81}},"type":"if","locations":[{"start":{"line":14,"column":2},"end":{"line":15,"column":81}},{"start":{},"end":{}}],"line":14},"2":{"loc":{"start":{"line":14,"column":6},"end":{"line":14,"column":35}},"type":"binary-expr","locations":[{"start":{"line":14,"column":6},"end":{"line":14,"column":25}},{"start":{"line":14,"column":29},"end":{"line":14,"column":35}}],"line":14}},"s":{"0":2,"1":2,"2":2,"3":8,"4":8,"5":1,"6":7,"7":7,"8":1,"9":6,"10":6,"11":5,"12":5,"13":1,"14":2},"f":{"0":8},"b":{"0":[1,7],"1":[1,6],"2":[7,6]},"_coverageSchema":"1a1c01bbd47fc00a2c39e90264f33305004495a9","hash":"d609c107db4705a6a00ef2615ca6b10058d1223d"}
,"C:\\Users\\Jugad\\Downloads\\test\\TiendaCartasDocker\\models\\userModel.js": {"path":"C:\\Users\\Jugad\\Downloads\\test\\TiendaCartasDocker\\models\\userModel.js","statementMap":{"0":{"start":{"line":3,"column":17},"end":{"line":6,"column":3}},"1":{"start":{"line":8,"column":23},"end":{"line":8,"column":25}},"2":{"start":{"line":11,"column":4},"end":{"line":11,"column":84}},"3":{"start":{"line":11,"column":32},"end":{"line":11,"column":82}},"4":{"start":{"line":15,"column":4},"end":{"line":15,"column":63}},"5":{"start":{"line":15,"column":38},"end":{"line":15,"column":61}},"6":{"start":{"line":19,"column":4},"end":{"line":20,"column":54}},"7":{"start":{"line":19,"column":38},"end":{"line":19,"column":55}},"8":{"start":{"line":20,"column":32},"end":{"line":20,"column":52}},"9":{"start":{"line":24,"column":4},"end":{"line":25,"column":45}},"10":{"start":{"line":24,"column":38},"end":{"line":24,"column":49}},"11":{"start":{"line":25,"column":32},"end":{"line":25,"column":43}},"12":{"start":{"line":29,"column":20},"end":{"line":36,"column":5}},"13":{"start":{"line":38,"column":4},"end":{"line":38,"column":35}},"14":{"start":{"line":39,"column":4},"end":{"line":39,"column":19}},"15":{"start":{"line":43,"column":0},"end":{"line":43,"column":27}}},"fnMap":{"0":{"name":"(anonymous_0)","decl":{"start":{"line":10,"column":2},"end":{"line":10,"column":3}},"loc":{"start":{"line":10,"column":47},"end":{"line":12,"column":3}},"line":10},"1":{"name":"(anonymous_1)","decl":{"start":{"line":11,"column":27},"end":{"line":11,"column":28}},"loc":{"start":{"line":11,"column":32},"end":{"line":11,"column":82}},"line":11},"2":{"name":"(anonymous_2)","decl":{"start":{"line":14,"column":2},"end":{"line":14,"column":3}},"loc":{"start":{"line":14,"column":34},"end":{"line":16,"column":3}},"line":14},"3":{"name":"(anonymous_3)","decl":{"start":{"line":15,"column":33},"end":{"line":15,"column":34}},"loc":{"start":{"line":15,"column":38},"end":{"line":15,"column":61}},"line":15},"4":{"name":"(anonymous_4)","decl":{"start":{"line":18,"column":2},"end":{"line":18,"column":3}},"loc":{"start":{"line":18,"column":28},"end":{"line":21,"column":3}},"line":18},"5":{"name":"(anonymous_5)","decl":{"start":{"line":19,"column":33},"end":{"line":19,"column":34}},"loc":{"start":{"line":19,"column":38},"end":{"line":19,"column":55}},"line":19},"6":{"name":"(anonymous_6)","decl":{"start":{"line":20,"column":27},"end":{"line":20,"column":28}},"loc":{"start":{"line":20,"column":32},"end":{"line":20,"column":52}},"line":20},"7":{"name":"(anonymous_7)","decl":{"start":{"line":23,"column":2},"end":{"line":23,"column":3}},"loc":{"start":{"line":23,"column":22},"end":{"line":26,"column":3}},"line":23},"8":{"name":"(anonymous_8)","decl":{"start":{"line":24,"column":33},"end":{"line":24,"column":34}},"loc":{"start":{"line":24,"column":38},"end":{"line":24,"column":49}},"line":24},"9":{"name":"(anonymous_9)","decl":{"start":{"line":25,"column":27},"end":{"line":25,"column":28}},"loc":{"start":{"line":25,"column":32},"end":{"line":25,"column":43}},"line":25},"10":{"name":"(anonymous_10)","decl":{"start":{"line":28,"column":2},"end":{"line":28,"column":3}},"loc":{"start":{"line":28,"column":36},"end":{"line":40,"column":3}},"line":28}},"branchMap":{"0":{"loc":{"start":{"line":11,"column":32},"end":{"line":11,"column":82}},"type":"binary-expr","locations":[{"start":{"line":11,"column":32},"end":{"line":11,"column":55}},{"start":{"line":11,"column":59},"end":{"line":11,"column":82}}],"line":11},"1":{"loc":{"start":{"line":19,"column":11},"end":{"line":20,"column":53}},"type":"binary-expr","locations":[{"start":{"line":19,"column":11},"end":{"line":19,"column":56}},{"start":{"line":20,"column":11},"end":{"line":20,"column":53}}],"line":19},"2":{"loc":{"start":{"line":24,"column":11},"end":{"line":25,"column":44}},"type":"binary-expr","locations":[{"start":{"line":24,"column":11},"end":{"line":24,"column":50}},{"start":{"line":25,"column":11},"end":{"line":25,"column":44}}],"line":24}},"s":{"0":3,"1":3,"2":6,"3":8,"4":2,"5":1,"6":0,"7":0,"8":0,"9":3,"10":1,"11":3,"12":5,"13":5,"14":5,"15":3},"f":{"0":6,"1":8,"2":2,"3":1,"4":0,"5":0,"6":0,"7":3,"8":1,"9":3,"10":5},"b":{"0":[8,5],"1":[0,0],"2":[3,2]},"_coverageSchema":"1a1c01bbd47fc00a2c39e90264f33305004495a9","hash":"33f866fc6ffab745d9d1fc0f800569840d8ac972"}
,"C:\\Users\\Jugad\\Downloads\\test\\TiendaCartasDocker\\routes\\authRoutes.js": {"path":"C:\\Users\\Jugad\\Downloads\\test\\TiendaCartasDocker\\routes\\authRoutes.js","statementMap":{"0":{"start":{"line":2,"column":16},"end":{"line":2,"column":34}},"1":{"start":{"line":3,"column":12},"end":{"line":3,"column":35}},"2":{"start":{"line":4,"column":30},"end":{"line":4,"column":60}},"3":{"start":{"line":5,"column":18},"end":{"line":5,"column":48}},"4":{"start":{"line":6,"column":36},"end":{"line":6,"column":65}},"5":{"start":{"line":8,"column":15},"end":{"line":8,"column":31}},"6":{"start":{"line":11,"column":0},"end":{"line":18,"column":3}},"7":{"start":{"line":12,"column":33},"end":{"line":12,"column":41}},"8":{"start":{"line":13,"column":15},"end":{"line":13,"column":62}},"9":{"start":{"line":14,"column":2},"end":{"line":14,"column":78}},"10":{"start":{"line":14,"column":13},"end":{"line":14,"column":78}},"11":{"start":{"line":16,"column":16},"end":{"line":16,"column":35}},"12":{"start":{"line":17,"column":2},"end":{"line":17,"column":87}},"13":{"start":{"line":21,"column":0},"end":{"line":23,"column":2}},"14":{"start":{"line":25,"column":0},"end":{"line":34,"column":2}},"15":{"start":{"line":29,"column":18},"end":{"line":29,"column":41}},"16":{"start":{"line":32,"column":4},"end":{"line":32,"column":37}},"17":{"start":{"line":37,"column":0},"end":{"line":69,"column":3}},"18":{"start":{"line":38,"column":21},"end":{"line":38,"column":46}},"19":{"start":{"line":40,"column":2},"end":{"line":40,"column":84}},"20":{"start":{"line":40,"column":19},"end":{"line":40,"column":84}},"21":{"start":{"line":42,"column":26},"end":{"line":42,"column":47}},"22":{"start":{"line":44,"column":2},"end":{"line":46,"column":3}},"23":{"start":{"line":45,"column":4},"end":{"line":45,"column":79}},"24":{"start":{"line":48,"column":2},"end":{"line":68,"column":3}},"25":{"start":{"line":49,"column":20},"end":{"line":49,"column":45}},"26":{"start":{"line":50,"column":17},"end":{"line":50,"column":47}},"27":{"start":{"line":52,"column":4},"end":{"line":54,"column":5}},"28":{"start":{"line":53,"column":6},"end":{"line":53,"column":70}},"29":{"start":{"line":57,"column":24},"end":{"line":63,"column":5}},"30":{"start":{"line":65,"column":4},"end":{"line":65,"column":26}},"31":{"start":{"line":67,"column":4},"end":{"line":67,"column":72}},"32":{"start":{"line":71,"column":0},"end":{"line":71,"column":24}}},"fnMap":{"0":{"name":"(anonymous_0)","decl":{"start":{"line":11,"column":22},"end":{"line":11,"column":23}},"loc":{"start":{"line":11,"column":36},"end":{"line":18,"column":1}},"line":11},"1":{"name":"(anonymous_1)","decl":{"start":{"line":27,"column":2},"end":{"line":27,"column":3}},"loc":{"start":{"line":27,"column":16},"end":{"line":33,"column":3}},"line":27},"2":{"name":"(anonymous_2)","decl":{"start":{"line":37,"column":23},"end":{"line":37,"column":24}},"loc":{"start":{"line":37,"column":37},"end":{"line":69,"column":1}},"line":37}},"branchMap":{"0":{"loc":{"start":{"line":14,"column":2},"end":{"line":14,"column":78}},"type":"if","locations":[{"start":{"line":14,"column":2},"end":{"line":14,"column":78}},{"start":{},"end":{}}],"line":14},"1":{"loc":{"start":{"line":40,"column":2},"end":{"line":40,"column":84}},"type":"if","locations":[{"start":{"line":40,"column":2},"end":{"line":40,"column":84}},{"start":{},"end":{}}],"line":40},"2":{"loc":{"start":{"line":44,"column":2},"end":{"line":46,"column":3}},"type":"if","locations":[{"start":{"line":44,"column":2},"end":{"line":46,"column":3}},{"start":{},"end":{}}],"line":44},"3":{"loc":{"start":{"line":44,"column":6},"end":{"line":44,"column":35}},"type":"binary-expr","locations":[{"start":{"line":44,"column":6},"end":{"line":44,"column":25}},{"start":{"line":44,"column":29},"end":{"line":44,"column":35}}],"line":44},"4":{"loc":{"start":{"line":52,"column":4},"end":{"line":54,"column":5}},"type":"if","locations":[{"start":{"line":52,"column":4},"end":{"line":54,"column":5}},{"start":{},"end":{}}],"line":52}},"s":{"0":1,"1":1,"2":1,"3":1,"4":1,"5":1,"6":1,"7":3,"8":3,"9":3,"10":2,"11":1,"12":1,"13":1,"14":1,"15":0,"16":0,"17":1,"18":1,"19":1,"20":1,"21":0,"22":0,"23":0,"24":0,"25":0,"26":0,"27":0,"28":0,"29":0,"30":0,"31":0,"32":1},"f":{"0":3,"1":0,"2":1},"b":{"0":[2,1],"1":[1,0],"2":[0,0],"3":[0,0],"4":[0,0]},"_coverageSchema":"1a1c01bbd47fc00a2c39e90264f33305004495a9","hash":"c83b2f223f9617af2eb01b164348eb68756c5616"}
,"C:\\Users\\Jugad\\Downloads\\test\\TiendaCartasDocker\\routes\\cartRoutes.js": {"path":"C:\\Users\\Jugad\\Downloads\\test\\TiendaCartasDocker\\routes\\cartRoutes.js","statementMap":{"0":{"start":{"line":2,"column":16},"end":{"line":2,"column":34}},"1":{"start":{"line":3,"column":23},"end":{"line":3,"column":63}},"2":{"start":{"line":4,"column":22},"end":{"line":4,"column":43}},"3":{"start":{"line":6,"column":15},"end":{"line":6,"column":31}},"4":{"start":{"line":9,"column":17},"end":{"line":9,"column":26}},"5":{"start":{"line":12,"column":20},"end":{"line":15,"column":1}},"6":{"start":{"line":13,"column":2},"end":{"line":13,"column":54}},"7":{"start":{"line":13,"column":29},"end":{"line":13,"column":54}},"8":{"start":{"line":14,"column":2},"end":{"line":14,"column":30}},"9":{"start":{"line":16,"column":20},"end":{"line":16,"column":59}},"10":{"start":{"line":16,"column":28},"end":{"line":16,"column":59}},"11":{"start":{"line":16,"column":48},"end":{"line":16,"column":58}},"12":{"start":{"line":17,"column":19},"end":{"line":21,"column":1}},"13":{"start":{"line":18,"column":19},"end":{"line":18,"column":65}},"14":{"start":{"line":18,"column":44},"end":{"line":18,"column":61}},"15":{"start":{"line":19,"column":16},"end":{"line":19,"column":62}},"16":{"start":{"line":19,"column":41},"end":{"line":19,"column":58}},"17":{"start":{"line":20,"column":2},"end":{"line":20,"column":29}},"18":{"start":{"line":24,"column":0},"end":{"line":27,"column":3}},"19":{"start":{"line":25,"column":15},"end":{"line":25,"column":39}},"20":{"start":{"line":26,"column":2},"end":{"line":26,"column":42}},"21":{"start":{"line":30,"column":0},"end":{"line":67,"column":3}},"22":{"start":{"line":31,"column":27},"end":{"line":31,"column":35}},"23":{"start":{"line":32,"column":17},"end":{"line":32,"column":28}},"24":{"start":{"line":34,"column":2},"end":{"line":36,"column":3}},"25":{"start":{"line":35,"column":4},"end":{"line":35,"column":62}},"26":{"start":{"line":38,"column":19},"end":{"line":38,"column":34}},"27":{"start":{"line":39,"column":2},"end":{"line":39,"column":82}},"28":{"start":{"line":39,"column":17},"end":{"line":39,"column":82}},"29":{"start":{"line":41,"column":2},"end":{"line":43,"column":3}},"30":{"start":{"line":42,"column":4},"end":{"line":42,"column":96}},"31":{"start":{"line":46,"column":2},"end":{"line":46,"column":29}},"32":{"start":{"line":48,"column":15},"end":{"line":48,"column":34}},"33":{"start":{"line":49,"column":14},"end":{"line":49,"column":47}},"34":{"start":{"line":49,"column":35},"end":{"line":49,"column":46}},"35":{"start":{"line":51,"column":2},"end":{"line":64,"column":3}},"36":{"start":{"line":52,"column":4},"end":{"line":52,"column":35}},"37":{"start":{"line":53,"column":4},"end":{"line":53,"column":63}},"38":{"start":{"line":55,"column":4},"end":{"line":63,"column":7}},"39":{"start":{"line":66,"column":2},"end":{"line":66,"column":72}},"40":{"start":{"line":70,"column":0},"end":{"line":103,"column":3}},"41":{"start":{"line":71,"column":24},"end":{"line":71,"column":34}},"42":{"start":{"line":72,"column":23},"end":{"line":72,"column":31}},"43":{"start":{"line":73,"column":17},"end":{"line":73,"column":28}},"44":{"start":{"line":75,"column":2},"end":{"line":77,"column":3}},"45":{"start":{"line":76,"column":4},"end":{"line":76,"column":62}},"46":{"start":{"line":79,"column":19},"end":{"line":79,"column":41}},"47":{"start":{"line":80,"column":2},"end":{"line":80,"column":82}},"48":{"start":{"line":80,"column":17},"end":{"line":80,"column":82}},"49":{"start":{"line":82,"column":15},"end":{"line":82,"column":34}},"50":{"start":{"line":83,"column":14},"end":{"line":83,"column":54}},"51":{"start":{"line":83,"column":35},"end":{"line":83,"column":53}},"52":{"start":{"line":84,"column":2},"end":{"line":84,"column":84}},"53":{"start":{"line":84,"column":15},"end":{"line":84,"column":84}},"54":{"start":{"line":86,"column":17},"end":{"line":86,"column":35}},"55":{"start":{"line":87,"column":16},"end":{"line":87,"column":33}},"56":{"start":{"line":90,"column":2},"end":{"line":97,"column":3}},"57":{"start":{"line":91,"column":4},"end":{"line":93,"column":5}},"58":{"start":{"line":92,"column":6},"end":{"line":92,"column":112}},"59":{"start":{"line":94,"column":4},"end":{"line":94,"column":28}},"60":{"start":{"line":95,"column":9},"end":{"line":97,"column":3}},"61":{"start":{"line":96,"column":4},"end":{"line":96,"column":38}},"62":{"start":{"line":99,"column":2},"end":{"line":99,"column":32}},"63":{"start":{"line":100,"column":2},"end":{"line":100,"column":51}},"64":{"start":{"line":102,"column":2},"end":{"line":102,"column":75}},"65":{"start":{"line":106,"column":0},"end":{"line":122,"column":3}},"66":{"start":{"line":107,"column":24},"end":{"line":107,"column":34}},"67":{"start":{"line":108,"column":17},"end":{"line":108,"column":28}},"68":{"start":{"line":110,"column":19},"end":{"line":110,"column":41}},"69":{"start":{"line":111,"column":2},"end":{"line":111,"column":82}},"70":{"start":{"line":111,"column":17},"end":{"line":111,"column":82}},"71":{"start":{"line":113,"column":15},"end":{"line":113,"column":34}},"72":{"start":{"line":114,"column":14},"end":{"line":114,"column":54}},"73":{"start":{"line":114,"column":35},"end":{"line":114,"column":53}},"74":{"start":{"line":115,"column":2},"end":{"line":115,"column":84}},"75":{"start":{"line":115,"column":15},"end":{"line":115,"column":84}},"76":{"start":{"line":118,"column":2},"end":{"line":118,"column":39}},"77":{"start":{"line":119,"column":2},"end":{"line":119,"column":22}},"78":{"start":{"line":121,"column":2},"end":{"line":121,"column":73}},"79":{"start":{"line":125,"column":0},"end":{"line":137,"column":3}},"80":{"start":{"line":126,"column":17},"end":{"line":126,"column":28}},"81":{"start":{"line":127,"column":15},"end":{"line":127,"column":34}},"82":{"start":{"line":129,"column":2},"end":{"line":132,"column":3}},"83":{"start":{"line":130,"column":21},"end":{"line":130,"column":39}},"84":{"start":{"line":131,"column":4},"end":{"line":131,"column":48}},"85":{"start":{"line":131,"column":18},"end":{"line":131,"column":48}},"86":{"start":{"line":134,"column":2},"end":{"line":134,"column":27}},"87":{"start":{"line":136,"column":2},"end":{"line":136,"column":76}},"88":{"start":{"line":140,"column":0},"end":{"line":156,"column":3}},"89":{"start":{"line":141,"column":29},"end":{"line":141,"column":37}},"90":{"start":{"line":142,"column":17},"end":{"line":142,"column":28}},"91":{"start":{"line":143,"column":15},"end":{"line":143,"column":34}},"92":{"start":{"line":144,"column":23},"end":{"line":144,"column":39}},"93":{"start":{"line":146,"column":2},"end":{"line":146,"column":77}},"94":{"start":{"line":146,"column":21},"end":{"line":146,"column":77}},"95":{"start":{"line":147,"column":15},"end":{"line":147,"column":37}},"96":{"start":{"line":149,"column":2},"end":{"line":151,"column":3}},"97":{"start":{"line":150,"column":4},"end":{"line":150,"column":79}},"98":{"start":{"line":154,"column":2},"end":{"line":154,"column":27}},"99":{"start":{"line":155,"column":2},"end":{"line":155,"column":77}},"100":{"start":{"line":158,"column":0},"end":{"line":158,"column":24}}},"fnMap":{"0":{"name":"(anonymous_0)","decl":{"start":{"line":12,"column":20},"end":{"line":12,"column":21}},"loc":{"start":{"line":12,"column":32},"end":{"line":15,"column":1}},"line":12},"1":{"name":"(anonymous_1)","decl":{"start":{"line":16,"column":20},"end":{"line":16,"column":21}},"loc":{"start":{"line":16,"column":28},"end":{"line":16,"column":59}},"line":16},"2":{"name":"(anonymous_2)","decl":{"start":{"line":16,"column":43},"end":{"line":16,"column":44}},"loc":{"start":{"line":16,"column":48},"end":{"line":16,"column":58}},"line":16},"3":{"name":"(anonymous_3)","decl":{"start":{"line":17,"column":19},"end":{"line":17,"column":20}},"loc":{"start":{"line":17,"column":29},"end":{"line":21,"column":1}},"line":17},"4":{"name":"(anonymous_4)","decl":{"start":{"line":18,"column":31},"end":{"line":18,"column":32}},"loc":{"start":{"line":18,"column":44},"end":{"line":18,"column":61}},"line":18},"5":{"name":"(anonymous_5)","decl":{"start":{"line":19,"column":28},"end":{"line":19,"column":29}},"loc":{"start":{"line":19,"column":41},"end":{"line":19,"column":58}},"line":19},"6":{"name":"(anonymous_6)","decl":{"start":{"line":24,"column":39},"end":{"line":24,"column":40}},"loc":{"start":{"line":24,"column":53},"end":{"line":27,"column":1}},"line":24},"7":{"name":"(anonymous_7)","decl":{"start":{"line":30,"column":44},"end":{"line":30,"column":45}},"loc":{"start":{"line":30,"column":58},"end":{"line":67,"column":1}},"line":30},"8":{"name":"(anonymous_8)","decl":{"start":{"line":49,"column":29},"end":{"line":49,"column":30}},"loc":{"start":{"line":49,"column":35},"end":{"line":49,"column":46}},"line":49},"9":{"name":"(anonymous_9)","decl":{"start":{"line":70,"column":57},"end":{"line":70,"column":58}},"loc":{"start":{"line":70,"column":71},"end":{"line":103,"column":1}},"line":70},"10":{"name":"(anonymous_10)","decl":{"start":{"line":83,"column":29},"end":{"line":83,"column":30}},"loc":{"start":{"line":83,"column":35},"end":{"line":83,"column":53}},"line":83},"11":{"name":"(anonymous_11)","decl":{"start":{"line":106,"column":60},"end":{"line":106,"column":61}},"loc":{"start":{"line":106,"column":74},"end":{"line":122,"column":1}},"line":106},"12":{"name":"(anonymous_12)","decl":{"start":{"line":114,"column":29},"end":{"line":114,"column":30}},"loc":{"start":{"line":114,"column":35},"end":{"line":114,"column":53}},"line":114},"13":{"name":"(anonymous_13)","decl":{"start":{"line":125,"column":48},"end":{"line":125,"column":49}},"loc":{"start":{"line":125,"column":62},"end":{"line":137,"column":1}},"line":125},"14":{"name":"(anonymous_14)","decl":{"start":{"line":140,"column":37},"end":{"line":140,"column":38}},"loc":{"start":{"line":140,"column":51},"end":{"line":156,"column":1}},"line":140}},"branchMap":{"0":{"loc":{"start":{"line":13,"column":2},"end":{"line":13,"column":54}},"type":"if","locations":[{"start":{"line":13,"column":2},"end":{"line":13,"column":54}},{"start":{},"end":{}}],"line":13},"1":{"loc":{"start":{"line":34,"column":2},"end":{"line":36,"column":3}},"type":"if","locations":[{"start":{"line":34,"column":2},"end":{"line":36,"column":3}},{"start":{},"end":{}}],"line":34},"2":{"loc":{"start":{"line":34,"column":6},"end":{"line":34,"column":57}},"type":"binary-expr","locations":[{"start":{"line":34,"column":6},"end":{"line":34,"column":9}},{"start":{"line":34,"column":13},"end":{"line":34,"column":40}},{"start":{"line":34,"column":44},"end":{"line":34,"column":57}}],"line":34},"3":{"loc":{"start":{"line":39,"column":2},"end":{"line":39,"column":82}},"type":"if","locations":[{"start":{"line":39,"column":2},"end":{"line":39,"column":82}},{"start":{},"end":{}}],"line":39},"4":{"loc":{"start":{"line":41,"column":2},"end":{"line":43,"column":3}},"type":"if","locations":[{"start":{"line":41,"column":2},"end":{"line":43,"column":3}},{"start":{},"end":{}}],"line":41},"5":{"loc":{"start":{"line":51,"column":2},"end":{"line":64,"column":3}},"type":"if","locations":[{"start":{"line":51,"column":2},"end":{"line":64,"column":3}},{"start":{"line":54,"column":9},"end":{"line":64,"column":3}}],"line":51},"6":{"loc":{"start":{"line":75,"column":2},"end":{"line":77,"column":3}},"type":"if","locations":[{"start":{"line":75,"column":2},"end":{"line":77,"column":3}},{"start":{},"end":{}}],"line":75},"7":{"loc":{"start":{"line":75,"column":6},"end":{"line":75,"column":50}},"type":"binary-expr","locations":[{"start":{"line":75,"column":6},"end":{"line":75,"column":33}},{"start":{"line":75,"column":37},"end":{"line":75,"column":50}}],"line":75},"8":{"loc":{"start":{"line":80,"column":2},"end":{"line":80,"column":82}},"type":"if","locations":[{"start":{"line":80,"column":2},"end":{"line":80,"column":82}},{"start":{},"end":{}}],"line":80},"9":{"loc":{"start":{"line":84,"column":2},"end":{"line":84,"column":84}},"type":"if","locations":[{"start":{"line":84,"column":2},"end":{"line":84,"column":84}},{"start":{},"end":{}}],"line":84},"10":{"loc":{"start":{"line":90,"column":2},"end":{"line":97,"column":3}},"type":"if","locations":[{"start":{"line":90,"column":2},"end":{"line":97,"column":3}},{"start":{"line":95,"column":9},"end":{"line":97,"column":3}}],"line":90},"11":{"loc":{"start":{"line":91,"column":4},"end":{"line":93,"column":5}},"type":"if","locations":[{"start":{"line":91,"column":4},"end":{"line":93,"column":5}},{"start":{},"end":{}}],"line":91},"12":{"loc":{"start":{"line":95,"column":9},"end":{"line":97,"column":3}},"type":"if","locations":[{"start":{"line":95,"column":9},"end":{"line":97,"column":3}},{"start":{},"end":{}}],"line":95},"13":{"loc":{"start":{"line":111,"column":2},"end":{"line":111,"column":82}},"type":"if","locations":[{"start":{"line":111,"column":2},"end":{"line":111,"column":82}},{"start":{},"end":{}}],"line":111},"14":{"loc":{"start":{"line":115,"column":2},"end":{"line":115,"column":84}},"type":"if","locations":[{"start":{"line":115,"column":2},"end":{"line":115,"column":84}},{"start":{},"end":{}}],"line":115},"15":{"loc":{"start":{"line":131,"column":4},"end":{"line":131,"column":48}},"type":"if","locations":[{"start":{"line":131,"column":4},"end":{"line":131,"column":48}},{"start":{},"end":{}}],"line":131},"16":{"loc":{"start":{"line":146,"column":2},"end":{"line":146,"column":77}},"type":"if","locations":[{"start":{"line":146,"column":2},"end":{"line":146,"column":77}},{"start":{},"end":{}}],"line":146},"17":{"loc":{"start":{"line":149,"column":2},"end":{"line":151,"column":3}},"type":"if","locations":[{"start":{"line":149,"column":2},"end":{"line":151,"column":3}},{"start":{},"end":{}}],"line":149},"18":{"loc":{"start":{"line":149,"column":6},"end":{"line":149,"column":47}},"type":"binary-expr","locations":[{"start":{"line":149,"column":6},"end":{"line":149,"column":28}},{"start":{"line":149,"column":32},"end":{"line":149,"column":47}}],"line":149}},"s":{"0":1,"1":1,"2":1,"3":1,"4":1,"5":1,"6":2,"7":1,"8":2,"9":1,"10":2,"11":5,"12":1,"13":2,"14":1,"15":2,"16":1,"17":2,"18":1,"19":1,"20":1,"21":1,"22":3,"23":3,"24":3,"25":1,"26":2,"27":2,"28":1,"29":1,"30":0,"31":1,"32":1,"33":1,"34":0,"35":1,"36":0,"37":0,"38":1,"39":1,"40":1,"41":0,"42":0,"43":0,"44":0,"45":0,"46":0,"47":0,"48":0,"49":0,"50":0,"51":0,"52":0,"53":0,"54":0,"55":0,"56":0,"57":0,"58":0,"59":0,"60":0,"61":0,"62":0,"63":0,"64":0,"65":1,"66":0,"67":0,"68":0,"69":0,"70":0,"71":0,"72":0,"73":0,"74":0,"75":0,"76":0,"77":0,"78":0,"79":1,"80":0,"81":0,"82":0,"83":0,"84":0,"85":0,"86":0,"87":0,"88":1,"89":0,"90":0,"91":0,"92":0,"93":0,"94":0,"95":0,"96":0,"97":0,"98":0,"99":0,"100":1},"f":{"0":2,"1":2,"2":5,"3":2,"4":1,"5":1,"6":1,"7":3,"8":0,"9":0,"10":0,"11":0,"12":0,"13":0,"14":0},"b":{"0":[1,1],"1":[1,2],"2":[3,3,3],"3":[1,1],"4":[0,1],"5":[0,1],"6":[0,0],"7":[0,0],"8":[0,0],"9":[0,0],"10":[0,0],"11":[0,0],"12":[0,0],"13":[0,0],"14":[0,0],"15":[0,0],"16":[0,0],"17":[0,0],"18":[0,0]},"_coverageSchema":"1a1c01bbd47fc00a2c39e90264f33305004495a9","hash":"0e0424d0dbd1a07d8d4b4842ed3dea42605e0641"}
}
